<?xml version="1.0" encoding="UTF-8" ?>
<testsuite tests="1" failures="0" name="CucumberRunnerTest" time="0.607" errors="1" skipped="0">
  <properties>
[...]
</properties>
  <testcase classname="CucumberRunnerTest" name="initializationError" time="0.018">
    <error message="Duplicate step definitions in Components.CheckOurVehiclesSubtitleAndBackgroundColor.ourVehicleTitleAndBackgroundColor() in file:/home/admin-aneel/Downloads/QA_AutomationTest/QA_AutomationTest/QA_Test/target/test-classes/ and Components.CheckOurVehiclesSubTitleBgrColor.ourVehicleTitleAndBackgroundColor() in file:/home/admin-aneel/Downloads/QA_AutomationTest/QA_AutomationTest/QA_Test/target/test-classes/" type="cucumber.runtime.DuplicateStepDefinitionException">cucumber.runtime.DuplicateStepDefinitionException: Duplicate step definitions in Components.CheckOurVehiclesSubtitleAndBackgroundColor.ourVehicleTitleAndBackgroundColor() in file:/home/admin-aneel/Downloads/QA_AutomationTest/QA_AutomationTest/QA_Test/target/test-classes/ and Components.CheckOurVehiclesSubTitleBgrColor.ourVehicleTitleAndBackgroundColor() in file:/home/admin-aneel/Downloads/QA_AutomationTest/QA_AutomationTest/QA_Test/target/test-classes/
	at cucumber.runtime.RuntimeGlue.addStepDefinition(RuntimeGlue.java:47)
	at cucumber.runtime.java.JavaBackend.addStepDefinition(JavaBackend.java:117)
	at cucumber.runtime.java.MethodScanner.scan(MethodScanner.java:68)
	at cucumber.runtime.java.MethodScanner.scan(MethodScanner.java:41)
	at cucumber.runtime.java.JavaBackend.loadGlue(JavaBackend.java:78)
	at cucumber.runtime.Runtime.&lt;init&gt;(Runtime.java:89)
	at cucumber.runtime.Runtime.&lt;init&gt;(Runtime.java:67)
	at cucumber.runtime.Runtime.&lt;init&gt;(Runtime.java:63)
	at cucumber.api.junit.Cucumber.createRuntime(Cucumber.java:74)
	at cucumber.api.junit.Cucumber.&lt;init&gt;(Cucumber.java:61)
	at sun.reflect.NativeConstructorAccessorImpl.newInstance0(Native Method)
	at sun.reflect.NativeConstructorAccessorImpl.newInstance(NativeConstructorAccessorImpl.java:62)
	at sun.reflect.DelegatingConstructorAccessorImpl.newInstance(DelegatingConstructorAccessorImpl.java:45)
	at java.lang.reflect.Constructor.newInstance(Constructor.java:423)
	at org.junit.internal.builders.AnnotatedBuilder.buildRunner(AnnotatedBuilder.java:29)
	at org.junit.internal.builders.AnnotatedBuilder.runnerForClass(AnnotatedBuilder.java:21)
	at org.junit.runners.model.RunnerBuilder.safeRunnerForClass(RunnerBuilder.java:59)
	at org.junit.internal.builders.AllDefaultPossibilitiesBuilder.runnerForClass(AllDefaultPossibilitiesBuilder.java:26)
	at org.junit.runners.model.RunnerBuilder.safeRunnerForClass(RunnerBuilder.java:59)
	at org.junit.internal.requests.ClassRequest.getRunner(ClassRequest.java:26)
	at org.apache.maven.surefire.junit4.JUnit4TestSet.execute(JUnit4TestSet.java:51)
	at org.apache.maven.surefire.junit4.JUnit4Provider.executeTestSet(JUnit4Provider.java:123)
	at org.apache.maven.surefire.junit4.JUnit4Provider.invoke(JUnit4Provider.java:104)
	at sun.reflect.NativeMethodAccessorImpl.invoke0(Native Method)
	at sun.reflect.NativeMethodAccessorImpl.invoke(NativeMethodAccessorImpl.java:62)
	at sun.reflect.DelegatingMethodAccessorImpl.invoke(DelegatingMethodAccessorImpl.java:43)
	at java.lang.reflect.Method.invoke(Method.java:498)
	at org.apache.maven.surefire.util.ReflectionUtils.invokeMethodWithArray(ReflectionUtils.java:164)
	at org.apache.maven.surefire.booter.ProviderFactory$ProviderProxy.invoke(ProviderFactory.java:110)
	at org.apache.maven.surefire.booter.SurefireStarter.invokeProvider(SurefireStarter.java:175)
	at org.apache.maven.surefire.booter.SurefireStarter.runSuitesInProcessWhenForked(SurefireStarter.java:107)
	at org.apache.maven.surefire.booter.ForkedBooter.main(ForkedBooter.java:68)
</error>
  </testcase>
</testsuite>